2025-07-24 10:51:04,375 - CrawlerManager - INFO - 成功实例化 Book365 from Book365.py
2025-07-24 10:51:04,375 - CrawlerManager - DEBUG - Book365 已添加到 searchable_classes
2025-07-24 10:51:04,375 - CrawlerManager - INFO - 成功实例化 WodeShuCheng from 我的书城网.py
2025-07-24 10:51:04,380 - CrawlerManager - DEBUG - WodeShuCheng 已添加到 searchable_classes
2025-07-24 10:51:05,108 - CrawlerManager - INFO - 成功实例化 Book365 from Book365.py
2025-07-24 10:51:05,108 - CrawlerManager - DEBUG - Book365 已添加到 searchable_classes
2025-07-24 10:51:05,108 - CrawlerManager - INFO - 成功实例化 WodeShuCheng from 我的书城网.py
2025-07-24 10:51:05,108 - CrawlerManager - DEBUG - WodeShuCheng 已添加到 searchable_classes
2025-07-24 11:15:41,868 - CrawlerManager - INFO - 成功实例化 Book365 from Book365.py
2025-07-24 11:15:41,872 - CrawlerManager - DEBUG - Book365 已添加到 searchable_classes
2025-07-24 11:15:41,872 - CrawlerManager - INFO - 成功实例化 WodeShuCheng from 我的书城网.py
2025-07-24 11:15:42,438 - CrawlerManager - INFO - 成功实例化 Book365 from Book365.py
2025-07-24 11:15:42,438 - CrawlerManager - DEBUG - Book365 已添加到 searchable_classes
2025-07-24 11:15:42,438 - CrawlerManager - INFO - 成功实例化 WodeShuCheng from 我的书城网.py
2025-07-24 11:16:32,471 - CrawlerManager - INFO - 爬虫 365小说网 返回 50 条结果
2025-07-24 11:16:57,455 - CrawlerManager - INFO - 爬虫 365小说网 返回 50 条结果
2025-07-24 11:17:50,606 - CrawlerManager - INFO - 成功实例化 Book365 from Book365.py
2025-07-24 11:17:50,606 - CrawlerManager - DEBUG - Book365 已添加到 searchable_classes
2025-07-24 11:17:50,611 - CrawlerManager - INFO - 成功实例化 WodeShuCheng from 我的书城网.py
2025-07-24 11:17:50,611 - CrawlerManager - DEBUG - WodeShuCheng 已添加到 searchable_classes
2025-07-24 11:17:52,318 - CrawlerManager - INFO - 成功实例化 Book365 from Book365.py
2025-07-24 11:17:52,318 - CrawlerManager - DEBUG - Book365 已添加到 searchable_classes
2025-07-24 11:17:52,320 - CrawlerManager - INFO - 成功实例化 WodeShuCheng from 我的书城网.py
2025-07-24 11:18:17,088 - CrawlerManager - INFO - 成功实例化 Book365 from Book365.py
2025-07-24 11:18:17,088 - CrawlerManager - DEBUG - Book365 已添加到 searchable_classes
2025-07-24 11:18:17,090 - CrawlerManager - INFO - 成功实例化 WodeShuCheng from 我的书城网.py
2025-07-24 11:18:20,838 - CrawlerManager - INFO - 成功实例化 Book365 from Book365.py
2025-07-24 11:18:20,838 - CrawlerManager - DEBUG - Book365 已添加到 searchable_classes
2025-07-24 11:18:20,841 - CrawlerManager - INFO - 成功实例化 WodeShuCheng from 我的书城网.py
2025-07-24 11:19:08,168 - CrawlerManager - INFO - 爬虫 365小说网 返回 50 条结果
2025-07-24 11:28:45,282 - CrawlerManager - INFO - 成功实例化 Book365 from Book365.py
2025-07-24 11:28:45,282 - CrawlerManager - DEBUG - Book365 已添加到 searchable_classes
2025-07-24 11:28:45,282 - CrawlerManager - INFO - 成功实例化 WodeShuCheng from 我的书城网.py
2025-07-24 11:28:45,916 - CrawlerManager - INFO - 成功实例化 Book365 from Book365.py
2025-07-24 11:28:45,916 - CrawlerManager - DEBUG - Book365 已添加到 searchable_classes
2025-07-24 11:28:45,916 - CrawlerManager - INFO - 成功实例化 WodeShuCheng from 我的书城网.py
2025-07-24 11:31:19,975 - CrawlerManager - INFO - 爬虫 365小说网 返回 50 条结果
2025-07-24 11:32:22,622 - CrawlerManager - INFO - 爬虫 365小说网 返回 50 条结果
2025-07-24 11:33:35,881 - CrawlerManager - INFO - 爬虫 365小说网 返回 50 条结果
2025-07-24 11:36:20,647 - CrawlerManager - INFO - 爬虫 365小说网 返回 50 条结果
2025-07-24 11:42:37,946 - CrawlerManager - INFO - 成功实例化 Book365 from Book365.py
2025-07-24 11:42:37,946 - CrawlerManager - DEBUG - Book365 已添加到 searchable_classes
2025-07-24 11:42:37,946 - CrawlerManager - INFO - 成功实例化 WodeShuCheng from 我的书城网.py
2025-07-24 11:42:38,573 - CrawlerManager - INFO - 成功实例化 Book365 from Book365.py
2025-07-24 11:42:38,573 - CrawlerManager - DEBUG - Book365 已添加到 searchable_classes
2025-07-24 11:42:38,577 - CrawlerManager - INFO - 成功实例化 WodeShuCheng from 我的书城网.py
2025-07-24 11:42:57,139 - CrawlerManager - INFO - 爬虫 365小说网 返回 50 条结果
2025-07-24 11:43:36,000 - CrawlerManager - INFO - 爬虫 365小说网 返回 50 条结果
2025-07-24 11:49:40,811 - CrawlerManager - INFO - 爬虫 365小说网 返回 50 条结果
2025-07-26 00:12:50,178 - CrawlerManager - INFO - 成功实例化 Book365 from Book365.py
2025-07-26 00:12:50,178 - CrawlerManager - DEBUG - Book365 已添加到 searchable_classes
2025-07-26 00:12:50,180 - CrawlerManager - INFO - 成功实例化 WodeShuCheng from 我的书城网.py
2025-07-26 00:12:50,180 - CrawlerManager - DEBUG - WodeShuCheng 已添加到 searchable_classes
2025-07-26 00:12:50,821 - CrawlerManager - INFO - 成功实例化 Book365 from Book365.py
2025-07-26 00:12:50,821 - CrawlerManager - DEBUG - Book365 已添加到 searchable_classes
2025-07-26 00:12:50,821 - CrawlerManager - INFO - 成功实例化 WodeShuCheng from 我的书城网.py
2025-07-26 00:12:50,821 - CrawlerManager - DEBUG - WodeShuCheng 已添加到 searchable_classes
